2019-06-26 16:21:04,390 suishouji.py [line:10] INFO 等待页面加载完成
2019-06-26 16:21:04,464 suishouji.py [line:12] INFO 划过页面
2019-06-26 16:21:12,138 suishouji.py [line:17] INFO 点击开始随手记
2019-06-26 16:21:19,288 suishouji.py [line:21] INFO 点击设置
2019-06-26 16:21:20,843 suishouji.py [line:24] INFO 点击高级设置
2019-06-26 16:21:22,114 suishouji.py [line:28] INFO 点击密码保护
2019-06-26 16:21:23,297 suishouji.py [line:32] INFO 点击手势密码
2019-06-26 16:21:23,637 suishouji.py [line:35] INFO 开始绘制手势密码
2019-06-26 16:24:03,176 suishouji.py [line:10] INFO 等待页面加载完成
2019-06-26 16:24:03,207 suishouji.py [line:12] INFO 划过页面
2019-06-26 16:24:09,818 suishouji.py [line:17] INFO 点击开始随手记
2019-06-26 16:24:15,001 suishouji.py [line:21] INFO 点击设置
2019-06-26 16:24:16,868 suishouji.py [line:24] INFO 点击高级设置
2019-06-26 16:24:18,312 suishouji.py [line:28] INFO 点击密码保护
2019-06-26 16:24:19,375 suishouji.py [line:32] INFO 点击手势密码
2019-06-26 16:24:19,808 suishouji.py [line:35] INFO 开始绘制手势密码
2019-06-26 16:24:19,808 suishouji.py [line:38] INFO 第1次绘制开始
2019-06-26 16:24:23,477 suishouji.py [line:38] INFO 第2次绘制开始
2019-06-26 16:31:12,080 suishouji.py [line:10] INFO 等待页面加载完成
2019-06-26 16:31:12,089 suishouji.py [line:12] INFO 划过页面
2019-06-26 16:31:21,500 suishouji.py [line:17] INFO 点击开始随手记
2019-06-26 16:31:27,339 suishouji.py [line:21] INFO 点击设置
2019-06-26 16:31:29,478 suishouji.py [line:24] INFO 点击高级设置
2019-06-26 16:31:31,360 suishouji.py [line:28] INFO 点击密码保护
2019-06-26 16:31:32,591 suishouji.py [line:32] INFO 点击手势密码
2019-06-26 16:31:32,976 suishouji.py [line:35] INFO 开始绘制手势密码
2019-06-26 16:31:32,976 suishouji.py [line:38] INFO 第1次绘制开始
2019-06-26 16:31:36,378 suishouji.py [line:43] INFO 第1次绘制结束
2019-06-26 16:31:36,379 suishouji.py [line:38] INFO 第2次绘制开始
2019-06-26 16:31:39,957 suishouji.py [line:43] INFO 第2次绘制结束
